2025-04-25 13:36:47,721 - root - main - INFO - App iniciado
2025-04-25 13:36:47,727 - root - main - INFO - Aguardando input do usuário...
2025-04-25 13:36:51,691 - root - main - INFO - Aguardando input do usuário...
2025-04-25 13:36:57,051 - root - add_user - INFO - Adicionando o usuário user_name='Diego' user_age='25'
2025-04-25 13:36:57,051 - root - save_users - INFO - Atualizando os registros do banco de dados...
2025-04-25 13:36:57,056 - root - add_user - INFO - Usuário adicionado com sucesso!
2025-04-25 13:36:57,057 - root - main - INFO - Aguardando input do usuário...
2025-04-25 13:37:03,292 - root - add_user - INFO - Adicionando o usuário user_name='Andrew' user_age='32'
2025-04-25 13:37:03,292 - root - save_users - INFO - Atualizando os registros do banco de dados...
2025-04-25 13:37:03,297 - root - add_user - INFO - Usuário adicionado com sucesso!
2025-04-25 13:37:03,300 - root - main - INFO - Aguardando input do usuário...
2025-04-25 13:37:10,211 - root - add_user - INFO - Adicionando o usuário user_name='Joãozinho' user_age='22'
2025-04-25 13:37:10,211 - root - save_users - INFO - Atualizando os registros do banco de dados...
2025-04-25 13:37:10,212 - root - add_user - INFO - Usuário adicionado com sucesso!
2025-04-25 13:37:10,216 - root - main - INFO - Aguardando input do usuário...
2025-04-25 13:37:12,705 - root - main - INFO - Aguardando input do usuário...
2025-04-25 13:37:19,921 - root - rm_user - INFO - Removendo o usuário user_name='Andrew'
2025-04-25 13:37:19,922 - root - save_users - INFO - Atualizando os registros do banco de dados...
2025-04-25 13:37:19,923 - root - rm_user - INFO - Usuário removido com sucesso!
2025-04-25 13:37:19,924 - root - main - INFO - Aguardando input do usuário...
2025-04-25 13:37:31,399 - root - main - WARNING - Idade passada em input não é numérica: dois
2025-04-25 13:37:31,399 - root - main - INFO - Aguardando input do usuário...
2025-04-25 13:37:37,514 - root - add_user - INFO - Adicionando o usuário user_name='Andrew' user_age='32'
2025-04-25 13:37:37,514 - root - save_users - INFO - Atualizando os registros do banco de dados...
2025-04-25 13:37:37,544 - root - add_user - INFO - Usuário adicionado com sucesso!
2025-04-25 13:37:37,580 - root - main - INFO - Aguardando input do usuário...
2025-04-25 13:37:39,336 - root - main - INFO - Aguardando input do usuário...
2025-04-25 13:38:00,577 - root - main - INFO - App encerrado
